c:\users\admin\documents\github\projectwar\warzone\x64\debug\vc143.pdb
c:\users\admin\documents\github\projectwar\warzone\x64\debug\vc143.idb
c:\users\admin\documents\github\projectwar\warzone\x64\debug\zonemanager.obj
c:\users\admin\documents\github\projectwar\warzone\x64\debug\source.obj
c:\users\admin\documents\github\projectwar\warzone\x64\debug\kdtreenode.obj
c:\users\admin\documents\github\projectwar\warzone\x64\debug\kdtreecpu.obj
c:\users\admin\documents\github\projectwar\warzone\x64\debug\intersections.obj
c:\users\admin\documents\github\projectwar\bin\debug\warzone.dll
c:\users\admin\documents\github\projectwar\bin\debug\warzone.pdb
c:\users\admin\documents\github\projectwar\bin\debug\warzone.lib
c:\users\admin\documents\github\projectwar\bin\debug\warzone.exp
c:\users\admin\documents\github\projectwar\warzone\x64\debug\warzone.ilk
c:\users\admin\documents\github\projectwar\warzone\x64\debug\warzone.tlog\cl.command.1.tlog
c:\users\admin\documents\github\projectwar\warzone\x64\debug\warzone.tlog\cl.items.tlog
c:\users\admin\documents\github\projectwar\warzone\x64\debug\warzone.tlog\cl.read.1.tlog
c:\users\admin\documents\github\projectwar\warzone\x64\debug\warzone.tlog\cl.write.1.tlog
c:\users\admin\documents\github\projectwar\warzone\x64\debug\warzone.tlog\link.command.1.tlog
c:\users\admin\documents\github\projectwar\warzone\x64\debug\warzone.tlog\link.read.1.tlog
c:\users\admin\documents\github\projectwar\warzone\x64\debug\warzone.tlog\link.secondary.1.tlog
c:\users\admin\documents\github\projectwar\warzone\x64\debug\warzone.tlog\link.write.1.tlog
